<?xml version="1.0" encoding="utf-8"?><testsuites name="pytest tests"><testsuite name="pytest" errors="0" failures="0" skipped="0" tests="8" time="7.226" timestamp="2026-04-20T14:05:23.233412+00:00" hostname="agent-env-7a1a674f-0102-44d8-81fa-1f854adfce33"><testcase classname="backend.tests.test_activity_timeline.TestAuth" name="test_admin_login" time="0.734" /><testcase classname="backend.tests.test_activity_timeline.TestLeadCreationActivity" name="test_create_lead_auto_logs_activity" time="1.703" /><testcase classname="backend.tests.test_activity_timeline.TestStageChangeActivity" name="test_update_stage_logs_activity" time="1.082" /><testcase classname="backend.tests.test_activity_timeline.TestPostActivity" name="test_post_whatsapp_activity" time="0.841" /><testcase classname="backend.tests.test_activity_timeline.TestPostActivity" name="test_get_activities_unauth" time="0.169" /><testcase classname="backend.tests.test_activity_timeline.TestActivityOrder" name="test_activities_reverse_chronological" time="0.202" /><testcase classname="backend.tests.test_activity_timeline.TestAppointmentActivity" name="test_create_appointment_logs_activity" time="1.019" /><testcase classname="backend.tests.test_activity_timeline.TestSeedLeadActivities" name="test_seed_lead_has_activities" time="0.374" /></testsuite></testsuites>