<?xml version="1.0" encoding="utf-8"?><testsuites name="pytest tests"><testsuite name="pytest" errors="0" failures="0" skipped="0" tests="10" time="10.126" timestamp="2026-04-04T13:39:11.030468+00:00" hostname="agent-env-7a1a674f-0102-44d8-81fa-1f854adfce33"><testcase classname="backend.tests.test_bug_reports.TestBugReportSystem" name="test_01_create_bug_report" time="4.220" /><testcase classname="backend.tests.test_bug_reports.TestBugReportSystem" name="test_02_create_bug_report_critical_priority" time="0.569" /><testcase classname="backend.tests.test_bug_reports.TestBugReportSystem" name="test_03_create_bug_report_low_priority" time="0.548" /><testcase classname="backend.tests.test_bug_reports.TestBugReportSystem" name="test_04_get_bug_reports_admin" time="0.606" /><testcase classname="backend.tests.test_bug_reports.TestBugReportSystem" name="test_05_update_bug_report_status_to_in_progress" time="0.882" /><testcase classname="backend.tests.test_bug_reports.TestBugReportSystem" name="test_06_update_bug_report_status_to_resolved" time="0.561" /><testcase classname="backend.tests.test_bug_reports.TestBugReportSystem" name="test_07_master_user_can_view_bug_reports" time="0.838" /><testcase classname="backend.tests.test_bug_reports.TestContactUsSection" name="test_01_api_health" time="0.124" /><testcase classname="backend.tests.test_bug_reports.TestBugReportValidation" name="test_01_create_bug_report_without_auth" time="0.616" /><testcase classname="backend.tests.test_bug_reports.TestBugReportValidation" name="test_02_get_bug_reports_without_auth" time="0.563" /></testsuite></testsuites>