<?xml version="1.0" encoding="utf-8"?><testsuites name="pytest tests"><testsuite name="pytest" errors="0" failures="0" skipped="0" tests="7" time="7.338" timestamp="2026-04-01T13:24:04.137112+00:00" hostname="agent-env-7a1a674f-0102-44d8-81fa-1f854adfce33"><testcase classname="backend.tests.test_commission_earnings.TestCommissionEndpoints" name="test_get_commission_for_consultant" time="0.919" /><testcase classname="backend.tests.test_commission_earnings.TestCommissionEndpoints" name="test_commission_earnings_scale_structure" time="0.903" /><testcase classname="backend.tests.test_commission_earnings.TestCommissionEndpoints" name="test_save_income_goal" time="1.027" /><testcase classname="backend.tests.test_commission_earnings.TestCommissionEndpoints" name="test_commission_totals" time="0.874" /><testcase classname="backend.tests.test_commission_earnings.TestUserEarningsScale" name="test_get_user_with_earnings_scale" time="1.021" /><testcase classname="backend.tests.test_commission_earnings.TestUserEarningsScale" name="test_update_user_earnings_scale" time="1.327" /><testcase classname="backend.tests.test_commission_earnings.TestAssistantDashboard" name="test_assistant_stats_endpoint_structure" time="0.799" /></testsuite></testsuites>