<?xml version="1.0" encoding="utf-8"?><testsuites name="pytest tests"><testsuite name="pytest" errors="0" failures="0" skipped="0" tests="13" time="26.497" timestamp="2026-04-02T12:56:44.167923+00:00" hostname="agent-env-7a1a674f-0102-44d8-81fa-1f854adfce33"><testcase classname="backend.tests.test_iteration4_features.TestAuthentication" name="test_admin_login_success" time="10.412" /><testcase classname="backend.tests.test_iteration4_features.TestAuthentication" name="test_master_login_success" time="0.669" /><testcase classname="backend.tests.test_iteration4_features.TestAuthentication" name="test_invalid_login" time="0.195" /><testcase classname="backend.tests.test_iteration4_features.TestLeadCRUD" name="test_create_lead_with_empty_email" time="0.954" /><testcase classname="backend.tests.test_iteration4_features.TestLeadCRUD" name="test_create_lead_with_valid_email" time="0.942" /><testcase classname="backend.tests.test_iteration4_features.TestLeadCRUD" name="test_delete_lead" time="1.606" /><testcase classname="backend.tests.test_iteration4_features.TestStandaloneAppointments" name="test_create_standalone_appointment" time="1.607" /><testcase classname="backend.tests.test_iteration4_features.TestStandaloneAppointments" name="test_create_standalone_appointment_minimal" time="1.131" /><testcase classname="backend.tests.test_iteration4_features.TestReportGeneration" name="test_generate_mtd_report" time="0.925" /><testcase classname="backend.tests.test_iteration4_features.TestReportGeneration" name="test_get_month_reports" time="0.836" /><testcase classname="backend.tests.test_iteration4_features.TestAdminTools" name="test_create_master_account" time="0.728" /><testcase classname="backend.tests.test_iteration4_features.TestAIChat" name="test_ai_chat_endpoint" time="2.849" /><testcase classname="backend.tests.test_iteration4_features.TestCleanup" name="test_cleanup_test_leads" time="1.776" /></testsuite></testsuites>