<?xml version="1.0" encoding="utf-8"?><testsuites name="pytest tests"><testsuite name="pytest" errors="0" failures="0" skipped="0" tests="12" time="20.038" timestamp="2026-04-04T13:21:10.966990+00:00" hostname="agent-env-7a1a674f-0102-44d8-81fa-1f854adfce33"><testcase classname="backend.tests.test_iteration7.TestAuth" name="test_admin_login" time="6.280" /><testcase classname="backend.tests.test_iteration7.TestAuth" name="test_master_login" time="0.968" /><testcase classname="backend.tests.test_iteration7.TestWorkflows" name="test_get_workflows" time="1.225" /><testcase classname="backend.tests.test_iteration7.TestWorkflows" name="test_create_workflow" time="1.392" /><testcase classname="backend.tests.test_iteration7.TestWorkflows" name="test_update_workflow" time="2.437" /><testcase classname="backend.tests.test_iteration7.TestWorkflows" name="test_delete_workflow" time="1.478" /><testcase classname="backend.tests.test_iteration7.TestWebhookLogs" name="test_get_webhook_logs" time="0.998" /><testcase classname="backend.tests.test_iteration7.TestAILandingPages" name="test_generate_landing_pages" time="0.962" /><testcase classname="backend.tests.test_iteration7.TestAppointments" name="test_get_appointments" time="0.817" /><testcase classname="backend.tests.test_iteration7.TestAppointments" name="test_create_standalone_appointment" time="0.824" /><testcase classname="backend.tests.test_iteration7.TestLeads" name="test_get_leads" time="0.917" /><testcase classname="backend.tests.test_iteration7.TestUsers" name="test_get_users" time="0.960" /></testsuite></testsuites>