<?xml version="1.0" encoding="utf-8"?><testsuites name="pytest tests"><testsuite name="pytest" errors="0" failures="0" skipped="0" tests="13" time="6.429" timestamp="2026-04-12T10:51:45.262878+00:00" hostname="agent-env-7a1a674f-0102-44d8-81fa-1f854adfce33"><testcase classname="backend.tests.test_iteration9.TestAuth" name="test_admin_login" time="0.566" /><testcase classname="backend.tests.test_iteration9.TestWhatsAppEndSession" name="test_end_session_endpoint_exists" time="0.711" /><testcase classname="backend.tests.test_iteration9.TestWhatsAppEndSession" name="test_end_session_requires_admin" time="0.167" /><testcase classname="backend.tests.test_iteration9.TestFetchCheckLeads" name="test_fetch_check_leads_endpoint" time="0.663" /><testcase classname="backend.tests.test_iteration9.TestFetchCheckLeads" name="test_fetch_check_requires_auth" time="0.141" /><testcase classname="backend.tests.test_iteration9.TestConsultantLeadVisibility" name="test_get_leads_returns_list" time="0.607" /><testcase classname="backend.tests.test_iteration9.TestConsultantLeadVisibility" name="test_leads_have_required_fields" time="0.150" /><testcase classname="backend.tests.test_iteration9.TestConsultantAppointmentVisibility" name="test_get_appointments_returns_list" time="0.621" /><testcase classname="backend.tests.test_iteration9.TestUsersForDealModal" name="test_get_users_returns_list" time="0.655" /><testcase classname="backend.tests.test_iteration9.TestUsersForDealModal" name="test_users_have_role_and_active_fields" time="0.167" /><testcase classname="backend.tests.test_iteration9.TestUsersForDealModal" name="test_active_managers_and_consultants_exist" time="0.158" /><testcase classname="backend.tests.test_iteration9.TestDashboardStats" name="test_dashboard_stats" time="0.619" /><testcase classname="backend.tests.test_iteration9.TestBugReportButton" name="test_get_bug_reports" time="0.593" /></testsuite></testsuites>