<?xml version="1.0" encoding="utf-8"?><testsuites name="pytest tests"><testsuite name="pytest" errors="0" failures="0" skipped="0" tests="10" time="23.822" timestamp="2026-04-02T13:24:26.667649+00:00" hostname="agent-env-7a1a674f-0102-44d8-81fa-1f854adfce33"><testcase classname="backend.tests.test_linked_consultants.TestLinkedConsultantsFeature" name="test_01_create_assistant_with_linked_consultants" time="11.957" /><testcase classname="backend.tests.test_linked_consultants.TestLinkedConsultantsFeature" name="test_02_get_users_shows_linked_consultants" time="0.293" /><testcase classname="backend.tests.test_linked_consultants.TestLinkedConsultantsFeature" name="test_03_update_assistant_linked_consultants" time="0.872" /><testcase classname="backend.tests.test_linked_consultants.TestLinkedConsultantsFeature" name="test_04_assistant_sees_linked_consultant_leads" time="2.016" /><testcase classname="backend.tests.test_linked_consultants.TestLinkedConsultantsFeature" name="test_05_assistant_can_update_linked_consultant_leads" time="1.536" /><testcase classname="backend.tests.test_linked_consultants.TestLinkedConsultantsFeature" name="test_06_assistant_sees_linked_consultant_appointments" time="1.200" /><testcase classname="backend.tests.test_linked_consultants.TestLinkedConsultantsFeature" name="test_07_assistant_can_create_appointments" time="1.264" /><testcase classname="backend.tests.test_linked_consultants.TestCommissionWithDeals" name="test_08_commission_endpoint_returns_deals" time="1.097" /><testcase classname="backend.tests.test_linked_consultants.TestCommissionWithDeals" name="test_09_create_deal_and_verify_commission" time="1.423" /><testcase classname="backend.tests.test_linked_consultants.TestCommissionWithDeals" name="test_10_create_debit_deal_and_verify_commission" time="1.287" /></testsuite></testsuites>