<?xml version="1.0" encoding="utf-8"?><testsuites name="pytest tests"><testsuite name="pytest" errors="0" failures="0" skipped="0" tests="15" time="19.642" timestamp="2026-04-01T13:49:49.072024+00:00" hostname="agent-env-7a1a674f-0102-44d8-81fa-1f854adfce33"><testcase classname="backend.tests.test_marketing_features.TestLoginWithoutRoleDropdown" name="test_admin_login_without_role" time="1.011" /><testcase classname="backend.tests.test_marketing_features.TestLoginWithoutRoleDropdown" name="test_marketing_agent_login_without_role" time="0.627" /><testcase classname="backend.tests.test_marketing_features.TestLoginWithoutRoleDropdown" name="test_invalid_credentials" time="0.352" /><testcase classname="backend.tests.test_marketing_features.TestMarketingStats" name="test_marketing_stats_as_admin" time="2.359" /><testcase classname="backend.tests.test_marketing_features.TestMarketingStats" name="test_marketing_stats_as_marketing_agent" time="0.913" /><testcase classname="backend.tests.test_marketing_features.TestFormsAPI" name="test_get_forms" time="0.835" /><testcase classname="backend.tests.test_marketing_features.TestFormsAPI" name="test_create_form" time="0.985" /><testcase classname="backend.tests.test_marketing_features.TestFormsAPI" name="test_update_form" time="1.927" /><testcase classname="backend.tests.test_marketing_features.TestFormsAPI" name="test_delete_form" time="1.789" /><testcase classname="backend.tests.test_marketing_features.TestWebhookEndpoint" name="test_webhook_creates_lead" time="1.686" /><testcase classname="backend.tests.test_marketing_features.TestWebhookEndpoint" name="test_webhook_inactive_form_fails" time="2.334" /><testcase classname="backend.tests.test_marketing_features.TestGalleryAPI" name="test_get_gallery" time="0.891" /><testcase classname="backend.tests.test_marketing_features.TestGalleryAPI" name="test_upload_media" time="1.007" /><testcase classname="backend.tests.test_marketing_features.TestGalleryAPI" name="test_delete_media" time="1.111" /><testcase classname="backend.tests.test_marketing_features.TestExistingFormPerformance" name="test_existing_form_has_performance" time="0.995" /></testsuite></testsuites>