<?xml version="1.0" encoding="utf-8"?><testsuites name="pytest tests"><testsuite name="pytest" errors="0" failures="0" skipped="1" tests="14" time="8.839" timestamp="2026-04-02T18:56:54.854896+00:00" hostname="agent-env-7a1a674f-0102-44d8-81fa-1f854adfce33"><testcase classname="backend.tests.test_notifications.TestNotificationEndpoints" name="test_get_notifications_returns_list" time="0.815" /><testcase classname="backend.tests.test_notifications.TestNotificationEndpoints" name="test_get_unread_count" time="0.688" /><testcase classname="backend.tests.test_notifications.TestNotificationEndpoints" name="test_mark_notification_read" time="0.637"><skipped type="pytest.skip" message="No notifications to mark as read">/app/backend/tests/test_notifications.py:88: No notifications to mark as read</skipped></testcase><testcase classname="backend.tests.test_notifications.TestNotificationEndpoints" name="test_mark_all_notifications_read" time="0.617" /><testcase classname="backend.tests.test_notifications.TestNotificationTriggers" name="test_create_lead_triggers_new_lead_notification" time="0.799" /><testcase classname="backend.tests.test_notifications.TestNotificationTriggers" name="test_create_deal_triggers_deal_closed_notification_to_managers" time="1.065" /><testcase classname="backend.tests.test_notifications.TestNotificationTriggers" name="test_create_appointment_triggers_appointment_booked_notification" time="0.842" /><testcase classname="backend.tests.test_notifications.TestNotificationTriggers" name="test_update_lead_stage_triggers_stage_changed_notification" time="0.819" /><testcase classname="backend.tests.test_notifications.TestNotificationTriggers" name="test_meta_webhook_triggers_meta_lead_notification" time="0.772" /><testcase classname="backend.tests.test_notifications.TestNotificationAuthentication" name="test_get_notifications_requires_auth" time="0.173" /><testcase classname="backend.tests.test_notifications.TestNotificationAuthentication" name="test_get_unread_count_requires_auth" time="0.156" /><testcase classname="backend.tests.test_notifications.TestNotificationAuthentication" name="test_mark_read_requires_auth" time="0.151" /><testcase classname="backend.tests.test_notifications.TestNotificationAuthentication" name="test_mark_all_read_requires_auth" time="0.191" /><testcase classname="backend.tests.test_notifications.TestConsultantNotifications" name="test_consultant_receives_new_lead_notification" time="0.711" /></testsuite></testsuites>