<?xml version="1.0" encoding="utf-8"?><testsuites name="pytest tests"><testsuite name="pytest" errors="0" failures="0" skipped="0" tests="17" time="9.824" timestamp="2026-04-01T12:10:18.357183+00:00" hostname="agent-env-7a1a674f-0102-44d8-81fa-1f854adfce33"><testcase classname="backend.tests.test_whatsapp_integration.TestAuth" name="test_admin_login_success" time="0.751" /><testcase classname="backend.tests.test_whatsapp_integration.TestAuth" name="test_login_invalid_credentials" time="0.133" /><testcase classname="backend.tests.test_whatsapp_integration.TestSettings" name="test_get_settings" time="0.604" /><testcase classname="backend.tests.test_whatsapp_integration.TestUsers" name="test_get_users" time="0.518" /><testcase classname="backend.tests.test_whatsapp_integration.TestUsers" name="test_users_have_consultant_role" time="0.529" /><testcase classname="backend.tests.test_whatsapp_integration.TestWhatsAppEndpoints" name="test_whatsapp_status_self" time="0.699" /><testcase classname="backend.tests.test_whatsapp_integration.TestWhatsAppEndpoints" name="test_whatsapp_status_by_user_id" time="0.574" /><testcase classname="backend.tests.test_whatsapp_integration.TestWhatsAppEndpoints" name="test_whatsapp_qr_endpoint" time="0.562" /><testcase classname="backend.tests.test_whatsapp_integration.TestWhatsAppEndpoints" name="test_whatsapp_start_session" time="0.784" /><testcase classname="backend.tests.test_whatsapp_integration.TestWhatsAppEndpoints" name="test_whatsapp_status_all" time="0.655" /><testcase classname="backend.tests.test_whatsapp_integration.TestLeads" name="test_get_leads" time="0.529" /><testcase classname="backend.tests.test_whatsapp_integration.TestLeads" name="test_create_lead" time="0.540" /><testcase classname="backend.tests.test_whatsapp_integration.TestMessageTemplates" name="test_get_message_templates" time="0.506" /><testcase classname="backend.tests.test_whatsapp_integration.TestMessageTemplates" name="test_create_message_template" time="0.497" /><testcase classname="backend.tests.test_whatsapp_integration.TestWhatsAppSend" name="test_whatsapp_send_requires_session" time="0.580" /><testcase classname="backend.tests.test_whatsapp_integration.TestDashboard" name="test_dashboard_stats" time="0.500" /><testcase classname="backend.tests.test_whatsapp_integration.TestAppointments" name="test_get_appointments" time="0.507" /></testsuite></testsuites>